X [ERROR] Syntax error "n"

    functions/api/admin/products.ts:165:54:
      165 â”‚ async function ensureProductSchema(_db: D1Database) {\n  return;\n}
          â•µ                                                       ^

[33mâ–² [43;33m[[43;30mWARNING[43;33m][0m [1mFailed to build Functions at ./functions. Continuing to serve the last successfully built version of Functions.[0m


X [ERROR] Syntax error "n"

    functions/api/products.ts:217:54:
      217 â”‚ async function ensureProductSchema(_db: D1Database) {\n  return;\n}
          â•µ                                                       ^

X [33mâ–² [43;33m[[43;30mWARNING[43;33m][0m [1mFailed to build Functions at ./functions. Continuing to serve the last successfully built version of Functions.[0m


[ERROR] Syntax error "n"

    functions/api/products.ts:217:54:
      217 â”‚ async function ensureProductSchema(_db: D1Database) {\n  return;\n}
          â•µ                                                       ^X [ERROR] Syntax error "n"

    functions/api/products.ts:217:54:
      217 â”‚ async function ensureProductSchema(_db: D1Database) {\n  return;\n}
          â•µ                                                       ^

X [33mâ–² [43;33m[[43;30mWARNING[43;33m][0m [1mFailed to build Functions at ./functions. Continuing to serve the last successfully built version of Functions.[0m


[ERROR] Syntax error "n"

    functions/api/products.ts:217:54:
      217 â”‚ async function ensureProductSchema(_db: D1Database) {\n  return;\n}
          â•µ                                                       ^



[33mâ–² [43;33m[[43;30mWARNING[43;33m][0m [1mFailed to build Functions at ./functions. Continuing to serve the last successfully built version of Functions.[0m


[33mâ–² [43;33m[[43;30mWARNING[43;33m][0m [1mFailed to build Functions at ./functions. Continuing to serve the last successfully built version of Functions.[0m


X [ERROR] Syntax error "n"

    functions/api/categories.ts:180:55:
      180 â”‚ async function ensureCategorySchema(_db: D1Database) {\n  return;\n}
          â•µ                                                        ^

[33mâ–² [43;33m[[43;30mWARNING[43;33m][0m [1mFailed to build Functions at ./functions. Continuing to serve the last successfully built version of Functions.[0m


X [ERROR] Syntax error "n"

    functions/api/categories.ts:180:55:
      180 â”‚ async function ensureCategorySchema(_db: D1Database) {\n  return;\n}
          â•µ                                                        ^

[33mâ–² [43;33m[[43;30mWARNING[43;33m][0m [1mFailed to build Functions at ./functions. Continuing to serve the last successfully built version of Functions.[0m


X [ERROR] Syntax error "n"

    functions/api/categories.ts:180:55:
      180 â”‚ async function ensureCategorySchema(_db: D1Database) {\n  return;\n}
          â•µ                                                        ^

[33mâ–² [43;33m[[43;30mWARNING[43;33m][0m [1mFailed to build Functions at ./functions. Continuing to serve the last successfully built version of Functions.[0m


X [ERROR] Syntax error "n"

    functions/api/categories.ts:180:55:
      180 â”‚ async function ensureCategorySchema(_db: D1Database) {\n  return;\n}
          â•µ                                                        ^

[33mâ–² [43;33m[[43;30mWARNING[43;33m][0m [1mFailed to build Functions at ./functions. Continuing to serve the last successfully built version of Functions.[0m


X [ERROR] Syntax error "n"

    functions/api/categories.ts:180:55:
      180 â”‚ async function ensureCategorySchema(_db: D1Database) {\n  return;\n}
          â•µ                                                        ^

[33mâ–² [43;33m[[43;30mWARNING[43;33m][0m [1mFailed to build Functions at ./functions. Continuing to serve the last successfully built version of Functions.[0m


X [ERROR] Syntax error "n"

    functions/api/categories.ts:180:55:
      180 â”‚ async function ensureCategorySchema(_db: D1Database) {\n  return;\n}
          â•µ                                                        ^

[33mâ–² [43;33m[[43;30mWARNING[43;33m][0m [1mFailed to build Functions at ./functions. Continuing to serve the last successfully built version of Functions.[0m


X [ERROR] Expected ";" but found "n"

    functions/api/admin/products.ts:197:46:
      197 â”‚ ...yId || rawImageIds.length) {`r`n    const ids = [rawPrimaryId,...
          â”‚                                   ^
          â•µ                                   ;

[33mâ–² [43;33m[[43;30mWARNING[43;33m][0m [1mFailed to build Functions at ./functions. Continuing to serve the last successfully built version of Functions.[0m


X [ERROR] Expected ";" but found "n"

    functions/api/admin/products.ts:197:46:
      197 â”‚ ...yId || rawImageIds.length) {`r`n    const ids = [rawPrimaryId,...
          â”‚                                   ^
          â•µ                                   ;

[33mâ–² [43;33m[[43;30mWARNING[43;33m][0m [1mFailed to build Functions at ./functions. Continuing to serve the last successfully built version of Functions.[0m


X [ERROR] Expected ";" but found "n"

    functions/api/admin/products/[id].ts:189:46:
      189 â”‚ ...yId || rawImageIds.length) {`r`n    const ids = [rawPrimaryId,...
          â”‚                                   ^
          â•µ                                   ;

[33mâ–² [43;33m[[43;30mWARNING[43;33m][0m [1mFailed to build Functions at ./functions. Continuing to serve the last successfully built version of Functions.[0m


