[31mX [41;31m[[41;97mERROR[41;31m][0m [1m[admin auth login] server error Error: Invalid ADMIN_PASSWORD_ITERS[0m

      at parsePositiveInt (file:///D:/ModernizedVisions/ECOM%20TEMPLATE/ecommerce-template-main/ecommerce-template-main/.wrangler/functions/api/_lib/adminAuth.ts:92:11)
      at getPasswordConfig (file:///D:/ModernizedVisions/ECOM%20TEMPLATE/ecommerce-template-main/ecommerce-template-main/.wrangler/functions/api/_lib/adminAuth.ts:100:22)
      at pbkdf2Verify (file:///D:/ModernizedVisions/ECOM%20TEMPLATE/ecommerce-template-main/ecommerce-template-main/.wrangler/functions/api/_lib/adminAuth.ts:124:46)
      at onRequestPost (file:///D:/ModernizedVisions/ECOM%20TEMPLATE/ecommerce-template-main/ecommerce-template-main/.wrangler/functions/api/admin/auth/login.ts:36:27)
      at async Object.next (file:///D:/ModernizedVisions/ECOM%20TEMPLATE/ecommerce-template-main/ecommerce-template-main/.wrangler/tmp/pages-86Eayg/functionsWorker-0.9519374351932702.mjs/file:/C:/Users/Jacob%2520Baumeister/AppData/Roaming/npm/node_modules/wrangler/templates/pages-template-worker.ts:161:22)
      at async Object.next (file:///D:/ModernizedVisions/ECOM%20TEMPLATE/ecommerce-template-main/ecommerce-template-main/.wrangler/tmp/pages-86Eayg/functionsWorker-0.9519374351932702.mjs/file:/C:/Users/Jacob%2520Baumeister/AppData/Roaming/npm/node_modules/wrangler/templates/pages-template-worker.ts:161:22)
      at async next (file:///D:/ModernizedVisions/ECOM%20TEMPLATE/ecommerce-template-main/ecommerce-template-main/.wrangler/tmp/pages-86Eayg/functionsWorker-0.9519374351932702.mjs/file:/C:/Users/Jacob%2520Baumeister/AppData/Roaming/npm/node_modules/wrangler/templates/pages-template-worker.ts:161:22)
      at async Object.fetch (file:///D:/ModernizedVisions/ECOM%20TEMPLATE/ecommerce-template-main/ecommerce-template-main/.wrangler/tmp/pages-86Eayg/functionsWorker-0.9519374351932702.mjs/file:/C:/Users/Jacob%2520Baumeister/AppData/Roaming/npm/node_modules/wrangler/templates/pages-template-worker.ts:180:11)
      at async jsonError (file:///D:/ModernizedVisions/ECOM%20TEMPLATE/ecommerce-template-main/ecommerce-template-main/.wrangler/tmp/pages-86Eayg/functionsWorker-0.9519374351932702.mjs/file:/C:/Users/Jacob%2520Baumeister/AppData/Roaming/npm/node_modules/wrangler/templates/middleware/middleware-miniflare3-json-error.ts:22:10)
      at async drainBody (file:///D:/ModernizedVisions/ECOM%20TEMPLATE/ecommerce-template-main/ecommerce-template-main/.wrangler/tmp/pages-86Eayg/functionsWorker-0.9519374351932702.mjs/file:/C:/Users/Jacob%2520Baumeister/AppData/Roaming/npm/node_modules/wrangler/templates/middleware/middleware-ensure-req-body-drained.ts:5:10)


X [ERROR] Syntax error "n"

    functions/api/admin/products.ts:165:54:
      165 â”‚ async function ensureProductSchema(_db: D1Database) {\n  return;\n}
          â•µ                                                       ^

[33mâ–² [43;33m[[43;30mWARNING[43;33m][0m [1mFailed to build Functions at ./functions. Continuing to serve the last successfully built version of Functions.[0m


X [ERROR] Syntax error "n"

    functions/api/products.ts:217:54:
      217 â”‚ async function ensureProductSchema(_db: D1Database) {\X [ERROR] Syntax error "n"

    functions/api/products.ts:217:54:
      217 â”‚ async function ensureProductSchema(_db: D1Database) {\n  return;\n}
          â•µ                                                       ^

X [33mâ–² [43;33m[[43;30mWARNING[43;33m][0m [1mFailed to build Functions at ./functions. Continuing to serve the last successfully built version of Functions.[0m


[ERROR] Syntax error "n"

    functions/api/products.ts:217:54:
      217 â”‚ async function ensureProductSchema(_db: D1Database) {\n  return;\n}
          â•µ                                                       ^

n  return;\n}
          â•µ                                                       [33mâ–² [43;33m[[43;30mWARNING[43;33m][0m [1mFailed to build Functions at ./functions. Continuing to serve the last successfully built version of Functions.[0m


^

X [[33mâ–² [43;33m[[43;30mWARNING[43;33m][0m [1mFailed to build Functions at ./functions. Continuing to serve the last successfully built version of Functions.[0m


ERROR] Syntax error "n"

    functions/api/admin/products.ts:165:54:
      165 â”‚ async function ensureProductSchema(_db: D1Database) {\n  return;\n}
          â•µ                                                       ^

[33mâ–² [43;33m[[43;30mWARNING[43;33m][0m [1mFailed to build Functions at ./functions. Continuing to serve the last successfully built version of Functions.[0m


X [ERROR] Syntax error "n"

    functions/api/categories.ts:180:55:
      180 â”‚ async function ensureCategorySchema(_db: D1Database) {\n  return;\n}
          â•µ                                                        ^

[33mâ–² [43;33m[[43;30mWARNING[43;33m][0m [1mFailed to build Functions at ./functions. Continuing to serve the last successfully built version of Functions.[0m


X [ERROR] Syntax error "n"

    functions/api/categories.ts:180:55:
      180 â”‚ async function ensureCategorySchema(_db: D1Database) {\n  return;\n}
          â•µ                                                        ^

[33mâ–² [43;33m[[43;30mWARNING[43;33m][0m [1mFailed to build Functions at ./functions. Continuing to serve the last successfully built version of Functions.[0m


X [ERROR] Syntax error "n"

    functions/api/categories.ts:180:55:
      180 â”‚ async function ensureCategorySchema(_db: D1Database) {\n  return;\n}
          â•µ                                                        ^

[33mâ–² [43;33m[[43;30mWARNING[43;33m][0m [1mFailed to build Functions at ./functions. Continuing to serve the last successfully built version of Functions.[0m


X [ERROR] Syntax error "n"

    functions/api/categories.ts:180:55:
      180 â”‚ async function ensureCategorySchema(_db: D1Database) {\n  return;\n}
          â•µ                                                        ^

[33mâ–² [43;33m[[43;30mWARNING[43;33m][0m [1mFailed to build Functions at ./functions. Continuing to serve the last successfully built version of Functions.[0m


X [ERROR] Syntax error "n"

    functions/api/categories.ts:180:55:
      180 â”‚ async function ensureCategorySchema(_db: D1Database) {\n  return;\n}
          â•µ                                                        ^

[33mâ–² [43;33m[[43;30mWARNING[43;33m][0m [1mFailed to build Functions at ./functions. Continuing to serve the last successfully built version of Functions.[0m


X [ERROR] Syntax error "n"

    functions/api/categories.ts:180:55:
      180 â”‚ async function ensureCategorySchema(_db: D1Database) {\n  return;\n}
          â•µ                                                        ^

[33mâ–² [43;33m[[43;30mWARNING[43;33m][0m [1mFailed to build Functions at ./functions. Continuing to serve the last successfully built version of Functions.[0m


X [ERROR] Expected ";" but found "n"

    functions/api/admin/products.ts:197:46:
      197 â”‚ ...yId || rawImageIds.length) {`r`n    const ids = [rawPrimaryId,...
          â”‚                                   ^
          â•µ                                   ;

[33mâ–² [43;33m[[43;30mWARNING[43;33m][0m [1mFailed to build Functions at ./functions. Continuing to serve the last successfully built version of Functions.[0m


X [ERROR] Expected ";" but found "n"

    functions/api/admin/products.ts:197:46:
      197 â”‚ ...yId || rawImageIds.length) {`r`n    const ids = [rawPrimaryId,...
          â”‚                                   ^
          â•µ                                   ;

[33mâ–² [43;33m[[43;30mWARNING[43;33m][0m [1mFailed to build Functions at ./functions. Continuing to serve the last successfully built version of Functions.[0m


X [ERROR] Expected ";" but found "n"

    functions/api/admin/products/[id].ts:189:46:
      189 â”‚ ...yId || rawImageIds.length) {`r`n    const ids = [rawPrimaryId,...
          â”‚                                   ^
          â•µ                                   ;

[33mâ–² [43;33m[[43;30mWARNING[43;33m][0m [1mFailed to build Functions at ./functions. Continuing to serve the last successfully built version of Functions.[0m


